# JRE version: Java(TM) SE Runtime Environment (18.0.1.1+2) (build 18.0.1.1+2-6)
# Java VM: Java HotSpot(TM) 64-Bit Server VM (18.0.1.1+2-6, mixed mode, sharing, tiered, compressed oops, compressed class ptrs, g1 gc, windows-amd64)
GC Precious Log:
 CardTable entry size: 512
 Card Set container configuration: InlinePtr #cards 5 size 8 Array Of Cards #cards 12 size 40 Howl #buckets 4 coarsen threshold 1843 Howl Bitmap #cards 512 size 80 coarsen threshold 460 Card regions per heap region 1 cards per card region 2048
 CPUs: 4 total, 4 available
 Memory: 8092M
 Large Page Support: Disabled
 NUMA Support: Disabled
 Compressed Oops: Enabled (32-bit)
 Heap Region Size: 1M
 Heap Min Capacity: 8M
 Heap Initial Capacity: 128M
 Heap Max Capacity: 2024M
 Pre-touch: Disabled
 Parallel Workers: 4
 Concurrent Workers: 1
 Concurrent Refinement Workers: 4
 Periodic GC: Disabled
Heap:
 garbage-first heap   total 79872K, used 45514K [0x0000000081800000, 0x0000000100000000)
  region size 1024K, 8 young (8192K), 1 survivors (1024K)
 Metaspace       used 61196K, committed 61760K, reserved 1114112K
  class space    used 7910K, committed 8192K, reserved 1048576K
GC Heap History (20 events):
Event: 7.696 GC heap before
{Heap before GC invocations=13 (full 0):
 garbage-first heap   total 61440K, used 47183K [0x0000000081800000, 0x0000000100000000)
  region size 1024K, 27 young (27648K), 4 survivors (4096K)
 Metaspace       used 49160K, committed 49600K, reserved 1114112K
  class space    used 6283K, committed 6464K, reserved 1048576K
}
Event: 7.702 GC heap after
{Heap after GC invocations=14 (full 0):
 garbage-first heap   total 61440K, used 24840K [0x0000000081800000, 0x0000000100000000)
  region size 1024K, 2 young (2048K), 2 survivors (2048K)
 Metaspace       used 49160K, committed 49600K, reserved 1114112K
  class space    used 6283K, committed 6464K, reserved 1048576K
}
Event: 8.229 GC heap before
{Heap before GC invocations=14 (full 0):
 garbage-first heap   total 61440K, used 47368K [0x0000000081800000, 0x0000000100000000)
  region size 1024K, 25 young (25600K), 2 survivors (2048K)
 Metaspace       used 51880K, committed 52288K, reserved 1114112K
  class space    used 6650K, committed 6848K, reserved 1048576K
}
Event: 8.233 GC heap after
{Heap after GC invocations=15 (full 0):
 garbage-first heap   total 61440K, used 26496K [0x0000000081800000, 0x0000000100000000)
  region size 1024K, 4 young (4096K), 4 survivors (4096K)
 Metaspace       used 51880K, committed 52288K, reserved 1114112K
  class space    used 6650K, committed 6848K, reserved 1048576K
}
Event: 8.596 GC heap before
{Heap before GC invocations=15 (full 0):
 garbage-first heap   total 61440K, used 48000K [0x0000000081800000, 0x0000000100000000)
  region size 1024K, 25 young (25600K), 4 survivors (4096K)
 Metaspace       used 52575K, committed 52992K, reserved 1114112K
  class space    used 6712K, committed 6912K, reserved 1048576K
}
Event: 8.602 GC heap after
{Heap after GC invocations=16 (full 0):
 garbage-first heap   total 61440K, used 27536K [0x0000000081800000, 0x0000000100000000)
  region size 1024K, 3 young (3072K), 3 survivors (3072K)
 Metaspace       used 52575K, committed 52992K, reserved 1114112K
  class space    used 6712K, committed 6912K, reserved 1048576K
}
Event: 9.506 GC heap before
{Heap before GC invocations=16 (full 0):
 garbage-first heap   total 61440K, used 49040K [0x0000000081800000, 0x0000000100000000)
  region size 1024K, 24 young (24576K), 3 survivors (3072K)
 Metaspace       used 54062K, committed 54592K, reserved 1114112K
  class space    used 6892K, committed 7168K, reserved 1048576K
}
Event: 9.516 GC heap after
{Heap after GC invocations=17 (full 0):
 garbage-first heap   total 61440K, used 30243K [0x0000000081800000, 0x0000000100000000)
  region size 1024K, 3 young (3072K), 3 survivors (3072K)
 Metaspace       used 54062K, committed 54592K, reserved 1114112K
  class space    used 6892K, committed 7168K, reserved 1048576K
}
Event: 9.943 GC heap before
{Heap before GC invocations=17 (full 0):
 garbage-first heap   total 61440K, used 48675K [0x0000000081800000, 0x0000000100000000)
  region size 1024K, 21 young (21504K), 3 survivors (3072K)
 Metaspace       used 55287K, committed 55808K, reserved 1114112K
  class space    used 7065K, committed 7296K, reserved 1048576K
}
Event: 9.952 GC heap after
{Heap after GC invocations=18 (full 0):
 garbage-first heap   total 61440K, used 32955K [0x0000000081800000, 0x0000000100000000)
  region size 1024K, 3 young (3072K), 3 survivors (3072K)
 Metaspace       used 55287K, committed 55808K, reserved 1114112K
  class space    used 7065K, committed 7296K, reserved 1048576K
}
Event: 10.489 GC heap before
{Heap before GC invocations=18 (full 0):
 garbage-first heap   total 61440K, used 49339K [0x0000000081800000, 0x0000000100000000)
  region size 1024K, 19 young (19456K), 3 survivors (3072K)
 Metaspace       used 56849K, committed 57408K, reserved 1114112K
  class space    used 7285K, committed 7552K, reserved 1048576K
}
Event: 10.494 GC heap after
{Heap after GC invocations=19 (full 0):
 garbage-first heap   total 61440K, used 35121K [0x0000000081800000, 0x0000000100000000)
  region size 1024K, 3 young (3072K), 3 survivors (3072K)
 Metaspace       used 56849K, committed 57408K, reserved 1114112K
  class space    used 7285K, committed 7552K, reserved 1048576K
}
Event: 10.999 GC heap before
{Heap before GC invocations=20 (full 0):
 garbage-first heap   total 66560K, used 48433K [0x0000000081800000, 0x0000000100000000)
  region size 1024K, 16 young (16384K), 3 survivors (3072K)
 Metaspace       used 57536K, committed 58112K, reserved 1114112K
  class space    used 7411K, committed 7680K, reserved 1048576K
}
Event: 11.006 GC heap after
{Heap after GC invocations=21 (full 0):
 garbage-first heap   total 66560K, used 36586K [0x0000000081800000, 0x0000000100000000)
  region size 1024K, 2 young (2048K), 2 survivors (2048K)
 Metaspace       used 57536K, committed 58112K, reserved 1114112K
  class space    used 7411K, committed 7680K, reserved 1048576K
}
Event: 11.603 GC heap before
{Heap before GC invocations=21 (full 0):
 garbage-first heap   total 66560K, used 52970K [0x0000000081800000, 0x0000000100000000)
  region size 1024K, 18 young (18432K), 2 survivors (2048K)
 Metaspace       used 58259K, committed 58816K, reserved 1114112K
  class space    used 7521K, committed 7808K, reserved 1048576K
}
Event: 11.611 GC heap after
{Heap after GC invocations=22 (full 0):
 garbage-first heap   total 79872K, used 39349K [0x0000000081800000, 0x0000000100000000)
  region size 1024K, 3 young (3072K), 3 survivors (3072K)
 Metaspace       used 58259K, committed 58816K, reserved 1114112K
  class space    used 7521K, committed 7808K, reserved 1048576K
}
Event: 13.421 GC heap before
{Heap before GC invocations=23 (full 0):
 garbage-first heap   total 79872K, used 62901K [0x0000000081800000, 0x0000000100000000)
  region size 1024K, 26 young (26624K), 3 survivors (3072K)
 Metaspace       used 59839K, committed 60416K, reserved 1114112K
  class space    used 7766K, committed 8064K, reserved 1048576K
}
Event: 13.427 GC heap after
{Heap after GC invocations=24 (full 0):
 garbage-first heap   total 79872K, used 40791K [0x0000000081800000, 0x0000000100000000)
  region size 1024K, 2 young (2048K), 2 survivors (2048K)
 Metaspace       used 59839K, committed 60416K, reserved 1114112K
  class space    used 7766K, committed 8064K, reserved 1048576K
}
Event: 20.841 GC heap before
{Heap before GC invocations=24 (full 0):
 garbage-first heap   total 79872K, used 41815K [0x0000000081800000, 0x0000000100000000)
  region size 1024K, 3 young (3072K), 2 survivors (2048K)
 Metaspace       used 59847K, committed 60416K, reserved 1114112K
  class space    used 7767K, committed 8064K, reserved 1048576K
}
Event: 20.846 GC heap after
{Heap after GC invocations=25 (full 0):
 garbage-first heap   total 79872K, used 40394K [0x0000000081800000, 0x0000000100000000)
  region size 1024K, 1 young (1024K), 1 survivors (1024K)
 Metaspace       used 59847K, committed 60416K, reserved 1114112K
  class space    used 7767K, committed 8064K, reserved 1048576K
}

